2025-10-07 00:09:37 BST LOG:  checkpoint starting: time
2025-10-07 00:09:37 BST LOG:  checkpoint complete: wrote 3 buffers (0.0%); 0 WAL file(s) added, 0 removed, 0 recycled; write=0.234 s, sync=0.002 s, total=0.260 s; sync files=3, longest=0.001 s, average=0.001 s; distance=3 kB, estimate=2781 kB; lsn=0/A3151D0, redo lsn=0/A315178
2025-10-07 00:19:37 BST LOG:  checkpoint starting: time
2025-10-07 00:19:37 BST LOG:  checkpoint complete: wrote 3 buffers (0.0%); 0 WAL file(s) added, 0 removed, 0 recycled; write=0.218 s, sync=0.003 s, total=0.242 s; sync files=3, longest=0.002 s, average=0.001 s; distance=4 kB, estimate=2503 kB; lsn=0/A316460, redo lsn=0/A316408
2025-10-07 00:24:37 BST LOG:  checkpoint starting: time
2025-10-07 00:24:38 BST LOG:  checkpoint complete: wrote 3 buffers (0.0%); 0 WAL file(s) added, 0 removed, 0 recycled; write=0.236 s, sync=0.002 s, total=0.250 s; sync files=3, longest=0.001 s, average=0.001 s; distance=6 kB, estimate=2254 kB; lsn=0/A318030, redo lsn=0/A317FC0
2025-10-07 03:54:37 BST LOG:  checkpoint starting: time
2025-10-07 03:54:38 BST LOG:  checkpoint complete: wrote 3 buffers (0.0%); 0 WAL file(s) added, 0 removed, 0 recycled; write=0.224 s, sync=0.002 s, total=0.243 s; sync files=3, longest=0.001 s, average=0.001 s; distance=6 kB, estimate=2029 kB; lsn=0/A319B38, redo lsn=0/A319AE0
2025-10-07 03:59:37 BST LOG:  checkpoint starting: time
2025-10-07 03:59:37 BST LOG:  checkpoint complete: wrote 2 buffers (0.0%); 0 WAL file(s) added, 0 removed, 0 recycled; write=0.111 s, sync=0.002 s, total=0.123 s; sync files=2, longest=0.002 s, average=0.001 s; distance=6 kB, estimate=1827 kB; lsn=0/A31B5A8, redo lsn=0/A31B550
2025-10-07 04:04:37 BST LOG:  checkpoint starting: time
2025-10-07 04:04:37 BST LOG:  checkpoint complete: wrote 2 buffers (0.0%); 0 WAL file(s) added, 0 removed, 0 recycled; write=0.115 s, sync=0.001 s, total=0.130 s; sync files=2, longest=0.001 s, average=0.001 s; distance=7 kB, estimate=1645 kB; lsn=0/A31D2C8, redo lsn=0/A31D270
2025-10-07 04:17:34 BST LOG:  could not receive data from client: An existing connection was forcibly closed by the remote host.
	
2025-10-07 04:17:34 BST LOG:  could not receive data from client: An existing connection was forcibly closed by the remote host.
	
2025-10-07 04:17:34 BST LOG:  could not receive data from client: An existing connection was forcibly closed by the remote host.
	
2025-10-07 04:17:34 BST LOG:  could not receive data from client: An existing connection was forcibly closed by the remote host.
	
2025-10-07 04:17:34 BST LOG:  could not receive data from client: An existing connection was forcibly closed by the remote host.
	
2025-10-07 04:54:37 BST LOG:  checkpoint starting: time
2025-10-07 04:54:37 BST LOG:  checkpoint complete: wrote 4 buffers (0.0%); 0 WAL file(s) added, 0 removed, 0 recycled; write=0.441 s, sync=0.003 s, total=0.462 s; sync files=4, longest=0.001 s, average=0.001 s; distance=7 kB, estimate=1481 kB; lsn=0/A31F138, redo lsn=0/A31F0E0
2025-10-07 04:59:37 BST LOG:  checkpoint starting: time
2025-10-07 04:59:37 BST LOG:  checkpoint complete: wrote 2 buffers (0.0%); 0 WAL file(s) added, 0 removed, 0 recycled; write=0.105 s, sync=0.001 s, total=0.113 s; sync files=2, longest=0.001 s, average=0.001 s; distance=8 kB, estimate=1334 kB; lsn=0/A321168, redo lsn=0/A321110
2025-10-07 23:47:09 BST LOG:  could not receive data from client: An existing connection was forcibly closed by the remote host.
	
2025-10-07 23:47:09 BST LOG:  could not receive data from client: An existing connection was forcibly closed by the remote host.
	
2025-10-07 23:47:09 BST LOG:  could not receive data from client: An existing connection was forcibly closed by the remote host.
	
2025-10-07 23:47:09 BST LOG:  could not receive data from client: An existing connection was forcibly closed by the remote host.
	
2025-10-07 23:47:09 BST LOG:  could not receive data from client: An existing connection was forcibly closed by the remote host.
	
2025-10-07 23:47:09 BST LOG:  could not receive data from client: An existing connection was forcibly closed by the remote host.
	
